<?xml version="1.0" encoding="UTF-8" ?>
<testsuite tests="51" failures="0" name="com.runner.TestRunner" time="280.804" errors="0" skipped="0">
  <properties>
    <property name="java.runtime.name" value="Java(TM) SE Runtime Environment"/>
    <property name="sun.boot.library.path" value="C:\Program Files\Java\jdk1.8.0_333\jre\bin"/>
    <property name="java.vm.version" value="25.333-b02"/>
    <property name="java.vm.vendor" value="Oracle Corporation"/>
    <property name="maven.multiModuleProjectDirectory" value="C:\Users\DINESH\eclipse-workspace\OpenMRS"/>
    <property name="java.vendor.url" value="http://java.oracle.com/"/>
    <property name="path.separator" value=";"/>
    <property name="guice.disable.misplaced.annotation.check" value="true"/>
    <property name="java.vm.name" value="Java HotSpot(TM) 64-Bit Server VM"/>
    <property name="file.encoding.pkg" value="sun.io"/>
    <property name="user.script" value=""/>
    <property name="user.country" value="IN"/>
    <property name="sun.java.launcher" value="SUN_STANDARD"/>
    <property name="sun.os.patch.level" value=""/>
    <property name="java.vm.specification.name" value="Java Virtual Machine Specification"/>
    <property name="user.dir" value="C:\Users\DINESH\eclipse-workspace\OpenMRS"/>
    <property name="java.runtime.version" value="1.8.0_333-b02"/>
    <property name="java.awt.graphicsenv" value="sun.awt.Win32GraphicsEnvironment"/>
    <property name="java.endorsed.dirs" value="C:\Program Files\Java\jdk1.8.0_333\jre\lib\endorsed"/>
    <property name="os.arch" value="amd64"/>
    <property name="java.io.tmpdir" value="C:\Users\DINESH\AppData\Local\Temp\"/>
    <property name="line.separator" value="
"/>
    <property name="java.vm.specification.vendor" value="Oracle Corporation"/>
    <property name="user.variant" value=""/>
    <property name="os.name" value="Windows 10"/>
    <property name="classworlds.conf" value="C:\Users\DINESH\Downloads\apache-maven-3.8.6-bin\apache-maven-3.8.6\bin\m2.conf"/>
    <property name="sun.jnu.encoding" value="Cp1252"/>
    <property name="java.library.path" value="C:\Program Files\Java\jdk1.8.0_333\bin;C:\Windows\Sun\Java\bin;C:\Windows\system32;C:\Windows;C:\oraclexe\app\oracle\product\10.2.0\server\bin;C:\Program Files (x86)\Common Files\Oracle\Java\javapath;C:\Windows\system32;C:\Windows;C:\Windows\System32\Wbem;C:\Windows\System32\WindowsPowerShell\v1.0\;C:\Windows\System32\OpenSSH\;C:\Program Files\Java\jdk1.8.0_333\bin;C:\Users\DINESH\Downloads\apache-maven-3.8.6-bin\apache-maven-3.8.6\bin;C:\Program Files\Git\cmd;C:\Users\DINESH\AppData\Local\Microsoft\WindowsApps;;."/>
    <property name="maven.conf" value="C:\Users\DINESH\Downloads\apache-maven-3.8.6-bin\apache-maven-3.8.6/conf"/>
    <property name="java.specification.name" value="Java Platform API Specification"/>
    <property name="java.class.version" value="52.0"/>
    <property name="sun.management.compiler" value="HotSpot 64-Bit Tiered Compilers"/>
    <property name="os.version" value="10.0"/>
    <property name="library.jansi.path" value="C:\Users\DINESH\Downloads\apache-maven-3.8.6-bin\apache-maven-3.8.6\lib\jansi-native"/>
    <property name="user.home" value="C:\Users\DINESH"/>
    <property name="user.timezone" value="Asia/Calcutta"/>
    <property name="java.awt.printerjob" value="sun.awt.windows.WPrinterJob"/>
    <property name="java.specification.version" value="1.8"/>
    <property name="file.encoding" value="Cp1252"/>
    <property name="user.name" value="DINESH"/>
    <property name="java.class.path" value="C:\Users\DINESH\Downloads\apache-maven-3.8.6-bin\apache-maven-3.8.6\boot\plexus-classworlds-2.6.0.jar"/>
    <property name="java.vm.specification.version" value="1.8"/>
    <property name="sun.arch.data.model" value="64"/>
    <property name="java.home" value="C:\Program Files\Java\jdk1.8.0_333\jre"/>
    <property name="sun.java.command" value="org.codehaus.plexus.classworlds.launcher.Launcher test"/>
    <property name="java.specification.vendor" value="Oracle Corporation"/>
    <property name="user.language" value="en"/>
    <property name="awt.toolkit" value="sun.awt.windows.WToolkit"/>
    <property name="java.vm.info" value="mixed mode"/>
    <property name="java.version" value="1.8.0_333"/>
    <property name="java.ext.dirs" value="C:\Program Files\Java\jdk1.8.0_333\jre\lib\ext;C:\Windows\Sun\Java\lib\ext"/>
    <property name="sun.boot.class.path" value="C:\Program Files\Java\jdk1.8.0_333\jre\lib\resources.jar;C:\Program Files\Java\jdk1.8.0_333\jre\lib\rt.jar;C:\Program Files\Java\jdk1.8.0_333\jre\lib\sunrsasign.jar;C:\Program Files\Java\jdk1.8.0_333\jre\lib\jsse.jar;C:\Program Files\Java\jdk1.8.0_333\jre\lib\jce.jar;C:\Program Files\Java\jdk1.8.0_333\jre\lib\charsets.jar;C:\Program Files\Java\jdk1.8.0_333\jre\lib\jfr.jar;C:\Program Files\Java\jdk1.8.0_333\jre\classes"/>
    <property name="sun.stderr.encoding" value="cp437"/>
    <property name="java.vendor" value="Oracle Corporation"/>
    <property name="maven.home" value="C:\Users\DINESH\Downloads\apache-maven-3.8.6-bin\apache-maven-3.8.6"/>
    <property name="file.separator" value="\"/>
    <property name="java.vendor.url.bug" value="http://bugreport.sun.com/bugreport/"/>
    <property name="sun.cpu.endian" value="little"/>
    <property name="sun.io.unicode.encoding" value="UnicodeLittle"/>
    <property name="sun.stdout.encoding" value="cp437"/>
    <property name="sun.desktop" value="windows"/>
    <property name="sun.cpu.isalist" value="amd64"/>
  </properties>
  <testcase classname="Verifying login page with valid credentials" name="User is on the Login page" time="8.081"/>
  <testcase classname="Verifying login page with valid credentials" name="User should enter valid Username and Password" time="1.95"/>
  <testcase classname="Verifying login page with valid credentials" name="User should pick any location" time="0.431"/>
  <testcase classname="Verifying login page with valid credentials" name="User should click Login button and verify success msg" time="7.267"/>
  <testcase classname="Verifying login page with valid credentials" name="User is on the Dashboard page and click Register the  patient menu" time="8.89"/>
  <testcase classname="Verifying login page with valid credentials" name="Verifying login page with valid credentials" time="11.368"/>
  <testcase classname="Providing details in patent menu" name="User is on the Login page" time="10.832"/>
  <testcase classname="Providing details in patent menu" name="User should enter valid Username and Password" time="2.374"/>
  <testcase classname="Providing details in patent menu" name="User should pick any location" time="0.399"/>
  <testcase classname="Providing details in patent menu" name="User should click Login button and verify success msg" time="4.623"/>
  <testcase classname="Providing details in patent menu" name="User is on the Dashboard page and click Register the  patient menu" time="10.5"/>
  <testcase classname="Providing details in patent menu" name="User should enter valid details of Demographics ,gender,birthdate,addressfield and phone number &quot;Anbu&quot;,&quot;y&quot;,&quot;Male&quot;,&quot;27&quot;,&quot;April&quot;,&quot;2001&quot;,&quot;202 street&quot;,&quot;204 street&quot;,&quot;Chennai&quot;,&quot;Tamilnadu&quot;,&quot;India&quot;,&quot;674966d&quot; and &quot;8765432170&quot;" time="4.454"/>
  <testcase classname="Providing details in patent menu" name="User should click relationships details" time="0.152"/>
  <testcase classname="Providing details in patent menu" name="User should verify confirm page all details" time="0.092"/>
  <testcase classname="Providing details in patent menu" name="User should click confirm and verify patient details page redirected" time="12.632"/>
  <testcase classname="Providing details in patent menu" name="Providing details in patent menu" time="14.521"/>
  <testcase classname="Verify the attachment and toaster message" name="User is on the Login page" time="8.166"/>
  <testcase classname="Verify the attachment and toaster message" name="User should enter valid Username and Password" time="0.388"/>
  <testcase classname="Verify the attachment and toaster message" name="User should pick any location" time="0.149"/>
  <testcase classname="Verify the attachment and toaster message" name="User should click Login button and verify success msg" time="2.584"/>
  <testcase classname="Verify the attachment and toaster message" name="User is on the Dashboard page and click Register the  patient menu" time="7.195"/>
  <testcase classname="Verify the attachment and toaster message" name="User should enter valid details of Demographics ,gender,birthdate,addressfield and phone number &quot;Clark&quot;,&quot;y&quot;,&quot;Male&quot;,&quot;27&quot;,&quot;April&quot;,&quot;1998&quot;,&quot;205 street&quot;,&quot;206 street&quot;,&quot;Aus&quot;,&quot;Sysdney&quot;,&quot;India&quot;,&quot;674966d&quot; and &quot;8765432170&quot;" time="3.437"/>
  <testcase classname="Verify the attachment and toaster message" name="User should click relationships details" time="0.161"/>
  <testcase classname="Verify the attachment and toaster message" name="User should verify confirm page all details" time="0.07"/>
  <testcase classname="Verify the attachment and toaster message" name="User should click confirm and verify patient details page redirected" time="0.234"/>
  <testcase classname="Verify the attachment and toaster message" name="User should click Start Visit and Confirm Visit" time="12.84"/>
  <testcase classname="Verify the attachment and toaster message" name="User should click Attachments menu" time="11.527"/>
  <testcase classname="Verify the attachment and toaster message" name="User should  add attachment file" time="12.431"/>
  <testcase classname="Verify the attachment and toaster message" name="User should enter msg in captions field &quot;File Uploaded&quot; and Upload it" time="0.887"/>
  <testcase classname="Verify the attachment and toaster message" name="User should verify toaster message &quot;The attachment was successfully uploaded.&quot;and redirect to Patient page" time="5.435"/>
  <testcase classname="Verify the attachment and toaster message" name="Verify the attachment and toaster message" time="10.297"/>
  <testcase classname="Verify attachment and Recent Visit and Delete Patient" name="User is on the Login page" time="18.765"/>
  <testcase classname="Verify attachment and Recent Visit and Delete Patient" name="User should enter valid Username and Password" time="0.443"/>
  <testcase classname="Verify attachment and Recent Visit and Delete Patient" name="User should pick any location" time="0.17"/>
  <testcase classname="Verify attachment and Recent Visit and Delete Patient" name="User should click Login button and verify success msg" time="3.466"/>
  <testcase classname="Verify attachment and Recent Visit and Delete Patient" name="User is on the Dashboard page and click Register the  patient menu" time="21.952"/>
  <testcase classname="Verify attachment and Recent Visit and Delete Patient" name="User should enter valid details of Demographics ,gender,birthdate,addressfield and phone number &quot;Warne&quot;,&quot;y&quot;,&quot;Male&quot;,&quot;27&quot;,&quot;April&quot;,&quot;1998&quot;,&quot;205 street&quot;,&quot;206 street&quot;,&quot;Aus&quot;,&quot;Sysdney&quot;,&quot;India&quot;,&quot;674966d&quot; and &quot;8765432170&quot;" time="10.066"/>
  <testcase classname="Verify attachment and Recent Visit and Delete Patient" name="User should click relationships details" time="0.279"/>
  <testcase classname="Verify attachment and Recent Visit and Delete Patient" name="User should verify confirm page all details" time="0.827"/>
  <testcase classname="Verify attachment and Recent Visit and Delete Patient" name="User should click confirm and verify patient details page redirected" time="14.662"/>
  <testcase classname="Verify attachment and Recent Visit and Delete Patient" name="User should click Start Visit and Confirm Visit" time="2.193"/>
  <testcase classname="Verify attachment and Recent Visit and Delete Patient" name="User should click Attachments menu" time="11.443"/>
  <testcase classname="Verify attachment and Recent Visit and Delete Patient" name="User should  add attachment file" time="0.492"/>
  <testcase classname="Verify attachment and Recent Visit and Delete Patient" name="User should enter msg in captions field &quot;File Uploaded&quot; and Upload it" time="0.542"/>
  <testcase classname="Verify attachment and Recent Visit and Delete Patient" name="User should verify toaster message &quot;The attachment was successfully uploaded.&quot;and redirect to Patient page" time="4.375"/>
  <testcase classname="Verify attachment and Recent Visit and Delete Patient" name="User should verify Recent click entry and attachment section has an attachment" time="0.259"/>
  <testcase classname="Verify attachment and Recent Visit and Delete Patient" name="User should click End Visit and click Yes" time="0.343"/>
  <testcase classname="Verify attachment and Recent Visit and Delete Patient" name="User should click Delete Patient &quot;Testing&quot; and confirm button" time="6.288"/>
  <testcase classname="Verify attachment and Recent Visit and Delete Patient" name="User should enter Delete Patient id and click search" time="3.607"/>
  <testcase classname="Verify attachment and Recent Visit and Delete Patient" name="User should verify Delete Patient should not be displayed" time="2.262"/>
  <testcase classname="Verify attachment and Recent Visit and Delete Patient" name="Verify attachment and Recent Visit and Delete Patient" time="4.003"/>
</testsuite>